[0mGET / [32m200 [0m223.371 ms - 1938[0m
[0mGET /stylesheets/style.css [36m304 [0m7.966 ms - -[0m
[0mGET /build/bundle.js [36m304 [0m49.800 ms - -[0m
[0mGET /login [32m200 [0m30.159 ms - 2745[0m
[0mGET /stylesheets/style.css [36m304 [0m7.687 ms - -[0m
[0mGET /build/bundle.js [36m304 [0m8.234 ms - -[0m
[0mGET / [36m304 [0m44.805 ms - -[0m
[0mGET /stylesheets/style.css [36m304 [0m11.122 ms - -[0m
[0mGET /build/bundle.js [36m304 [0m9.939 ms - -[0m
[0mGET / [36m304 [0m192.459 ms - -[0m
[0mGET /build/bundle.js [36m304 [0m10.523 ms - -[0m
[0mGET /stylesheets/style.css [36m304 [0m38.624 ms - -[0m
[0mGET /oAuth/google [36m302 [0m10.016 ms - 0[0m
[0mGET /oAuth/google/callback?code=4/Bbwi8az0561NoDfC_wVcQAna2Zm574OnEAmBfexq6ss [36m302 [0m988.706 ms - 60[0m
[0mGET /profile [36m304 [0m42.135 ms - -[0m
[0mGET /build/bundle.js [36m304 [0m4.026 ms - -[0m
[0mGET /stylesheets/style.css [36m304 [0m3.847 ms - -[0m
[0mGET /api/currentUser [36m304 [0m7.354 ms - -[0m
[0mGET /favicon.ico [36m304 [0m27.168 ms - -[0m
[0mGET / [36m304 [0m75.142 ms - -[0m
[0mGET /stylesheets/style.css [36m304 [0m10.403 ms - -[0m
[0mGET /build/bundle.js [36m304 [0m11.385 ms - -[0m
[0mGET / [32m200 [0m47.333 ms - 2005[0m
[0mGET /stylesheets/style.css [36m304 [0m8.943 ms - -[0m
[0mGET /build/bundle.js [36m304 [0m10.332 ms - -[0m
[0mGET /javascripts/webSocketClient.js [32m200 [0m9.521 ms - 221[0m
[0mGET /stylesheets/style.css [36m304 [0m1.564 ms - -[0m
[0mGET / [32m200 [0m21.057 ms - 2005[0m
[0mGET /javascripts/webSocketClient.js [32m200 [0m2.028 ms - 216[0m
[0mGET /stylesheets/style.css [32m200 [0m4.603 ms - 88[0m
[0mGET /build/bundle.js [32m200 [0m9.967 ms - 2555863[0m
[0mGET / [32m200 [0m47.251 ms - 1944[0m
[0mGET /stylesheets/style.css [32m200 [0m11.157 ms - 88[0m
[0mGET /build/bundle.js [32m200 [0m10.713 ms - 1916469[0m
[0mGET /build/bundle.js.map [32m200 [0m0.997 ms - 2293146[0m
[0mGET / [32m200 [0m107.830 ms - 1944[0m
[0mGET /stylesheets/style.css [32m200 [0m12.242 ms - 88[0m
[0mGET /build/bundle.js [32m200 [0m12.736 ms - 1916462[0m
[0mGET / [32m200 [0m15.634 ms - 1944[0m
[0mGET /build/bundle.js.map [32m200 [0m0.935 ms - 2293139[0m
[0mGET / [32m200 [0m45.083 ms - 1999[0m
[0mGET /stylesheets/style.css [32m200 [0m8.632 ms - 88[0m
[0mGET /javascripts/webSocket.js [32m200 [0m11.202 ms - 111[0m
[0mGET /build/bundle.js [32m200 [0m14.828 ms - 1916281[0m
[0mGET /build/bundle.js.map [32m200 [0m0.832 ms - 2292723[0m
[0mGET / [32m200 [0m99.827 ms - 1999[0m
[0mGET /stylesheets/style.css [32m200 [0m18.658 ms - 88[0m
[0mGET /javascripts/webSocket.js [32m200 [0m20.830 ms - 181[0m
[0mGET /build/bundle.js [32m200 [0m20.998 ms - 1916281[0m
[0mGET /build/bundle.js.map [32m200 [0m0.949 ms - 2292723[0m
[0mGET / [32m200 [0m51.384 ms - 1999[0m
[0mGET /stylesheets/style.css [32m200 [0m23.988 ms - 88[0m
[0mGET /javascripts/webSocket.js [32m200 [0m13.592 ms - 254[0m
[0mGET /build/bundle.js [32m200 [0m18.436 ms - 1916281[0m
[0mGET /build/bundle.js.map [32m200 [0m10.003 ms - 2292723[0m
[0mGET / [32m200 [0m57.249 ms - 1999[0m
[0mGET /stylesheets/style.css [32m200 [0m16.428 ms - 88[0m
[0mGET /javascripts/webSocket.js [32m200 [0m13.828 ms - 254[0m
[0mGET /build/bundle.js [32m200 [0m18.408 ms - 1916281[0m
[0mGET /build/bundle.js.map [32m200 [0m0.888 ms - 2292723[0m
[0mGET / [32m200 [0m53.579 ms - 1999[0m
[0mGET /stylesheets/style.css [32m200 [0m9.942 ms - 88[0m
[0mGET /javascripts/webSocket.js [32m200 [0m9.846 ms - 280[0m
[0mGET /build/bundle.js [32m200 [0m14.060 ms - 1916281[0m
[0mGET /build/bundle.js.map [32m200 [0m1.174 ms - 2292723[0m
[0mGET / [32m200 [0m169.406 ms - 1999[0m
[0mGET /javascripts/webSocket.js [32m200 [0m8.445 ms - 280[0m
[0mGET /stylesheets/style.css [32m200 [0m9.894 ms - 88[0m
[0mGET /build/bundle.js [32m200 [0m33.127 ms - 1916281[0m
[0mGET /build/bundle.js.map [32m200 [0m10.890 ms - 2292723[0m
[0mGET / [32m200 [0m48.074 ms - 1999[0m
[0mGET /stylesheets/style.css [32m200 [0m16.990 ms - 88[0m
[0mGET /javascripts/webSocket.js [32m200 [0m13.703 ms - 280[0m
[0mGET /build/bundle.js [32m200 [0m18.654 ms - 1916281[0m
[0mGET /build/bundle.js.map [32m200 [0m1.203 ms - 2292723[0m
[0mGET / [32m200 [0m208.324 ms - 2096[0m
[0mGET /stylesheets/style.css [32m200 [0m7.931 ms - 88[0m
[0mGET /javascripts/webSocket.js [32m200 [0m10.185 ms - 208[0m
[0mGET /build/bundle.js [32m200 [0m7.386 ms - 938419[0m
[0mGET /build/bundle.js.map [32m200 [0m1.274 ms - 1091488[0m
[0mGET / [32m200 [0m46.713 ms - 2096[0m
[0mGET /stylesheets/style.css [32m200 [0m11.339 ms - 88[0m
[0mGET /javascripts/webSocket.js [32m200 [0m12.339 ms - 208[0m
[0mGET /build/bundle.js [32m200 [0m11.910 ms - 938419[0m
[0mGET /build/bundle.js.map [32m200 [0m1.558 ms - 1091488[0m
[0mGET / [32m200 [0m18.150 ms - 2096[0m
[0mGET /stylesheets/style.css [32m200 [0m5.517 ms - 88[0m
[0mGET /javascripts/webSocket.js [32m200 [0m8.398 ms - 208[0m
[0mGET /build/bundle.js [32m200 [0m7.889 ms - 938419[0m
[0mGET /build/bundle.js.map [32m200 [0m1.254 ms - 1091488[0m
[0mGET / [32m200 [0m120.810 ms - 2355[0m
[0mGET /javascripts/webSocket.js [32m200 [0m9.823 ms - 287[0m
[0mGET /stylesheets/style.css [32m200 [0m9.381 ms - 88[0m
[0mGET /build/bundle.js [32m200 [0m10.096 ms - 942556[0m
[0mGET /build/bundle.js.map [32m200 [0m1.429 ms - 1092942[0m
[0mGET /stylesheets/style.css [36m304 [0m2.434 ms - -[0m
[0mGET /build/bundle.js.map [32m200 [0m1.404 ms - 1092942[0m
[0mGET / [32m200 [0m51.049 ms - 2403[0m
[0mGET /stylesheets/style.css [32m200 [0m12.658 ms - 88[0m
[0mGET /javascripts/webSocket.js [32m200 [0m12.652 ms - 287[0m
[0mGET /build/bundle.js [32m200 [0m11.212 ms - 942623[0m
[0mGET /build/bundle.js.map [32m200 [0m24.855 ms - 1093089[0m
[0mGET / [32m200 [0m50.747 ms - 2387[0m
[0mGET /javascripts/webSocket.js [32m200 [0m13.477 ms - 287[0m
[0mGET /stylesheets/style.css [32m200 [0m21.805 ms - 88[0m
[0mGET /build/bundle.js [32m200 [0m13.589 ms - 942596[0m
[0mGET / [32m200 [0m43.696 ms - 2387[0m
[0mGET /stylesheets/style.css [32m200 [0m4.013 ms - 88[0m
[0mGET /javascripts/webSocket.js [32m200 [0m4.569 ms - 287[0m
[0mGET /build/bundle.js [32m200 [0m4.274 ms - 942596[0m
[0mGET /build/bundle.js.map [32m200 [0m0.656 ms - 1093039[0m
[0mGET /stylesheets/style.css [36m304 [0m4.026 ms - -[0m
[0mGET /build/bundle.js.map [32m200 [0m0.691 ms - 1093039[0m
[0mGET / [32m200 [0m53.145 ms - 2368[0m
[0mGET /stylesheets/style.css [32m200 [0m11.445 ms - 88[0m
[0mGET /javascripts/webSocket.js [32m200 [0m13.706 ms - 287[0m
[0mGET /build/bundle.js [32m200 [0m14.821 ms - 942572[0m
[0mGET /build/bundle.js.map [32m200 [0m27.687 ms - 1092983[0m
[0mGET / [32m200 [0m34.559 ms - 2368[0m
[0mGET /stylesheets/style.css [32m200 [0m3.093 ms - 88[0m
[0mGET /javascripts/webSocket.js [32m200 [0m3.114 ms - 287[0m
[0mGET /build/bundle.js [32m200 [0m4.925 ms - 942572[0m
[0mGET /build/bundle.js.map [32m200 [0m1.197 ms - 1092983[0m
[0mGET / [32m200 [0m52.898 ms - 2368[0m
[0mGET /stylesheets/style.css [32m200 [0m25.284 ms - 88[0m
[0mGET /javascripts/webSocket.js [32m200 [0m26.259 ms - 287[0m
[0mGET /build/bundle.js [32m200 [0m28.015 ms - 942572[0m
[0mGET /build/bundle.js.map [32m200 [0m1.482 ms - 1092983[0m
[0mGET / [32m200 [0m51.941 ms - 2381[0m
[0mGET /stylesheets/style.css [36m304 [0m14.247 ms - -[0m
[0mGET /javascripts/webSocket.js [36m304 [0m13.196 ms - -[0m
[0mGET /build/bundle.js [32m200 [0m16.322 ms - 942587[0m
[0mGET /stylesheets/style.css [36m304 [0m3.608 ms - -[0m
[0mGET /build/bundle.js.map [32m200 [0m1.182 ms - 1093029[0m
[0mGET / [32m200 [0m73.571 ms - 2368[0m
[0mGET /javascripts/webSocket.js [36m304 [0m34.036 ms - -[0m
[0mGET /stylesheets/style.css [36m304 [0m44.494 ms - -[0m
[0mGET /build/bundle.js [32m200 [0m38.826 ms - 942572[0m
[0mGET / [36m304 [0m35.445 ms - -[0m
[0mGET /stylesheets/style.css [36m304 [0m6.459 ms - -[0m
[0mGET /javascripts/webSocket.js [36m304 [0m7.786 ms - -[0m
[0mGET /build/bundle.js [36m304 [0m11.168 ms - -[0m
[0mGET / [32m200 [0m54.091 ms - 2404[0m
[0mGET /stylesheets/style.css [36m304 [0m11.819 ms - -[0m
[0mGET /javascripts/webSocket.js [36m304 [0m11.237 ms - -[0m
[0mGET /build/bundle.js [32m200 [0m14.495 ms - 942612[0m
[0mGET /stylesheets/style.css [36m304 [0m22.497 ms - -[0m
[0mGET /build/bundle.js [32m200 [0m3.943 ms - 943440[0m
[0mGET / [32m200 [0m208.114 ms - 2316[0m
[0mGET /stylesheets/style.css [36m304 [0m288.825 ms - -[0m
[0mGET /build/bundle.js.map [32m200 [0m0.825 ms - 1094122[0m
[0mGET / [32m200 [0m16.968 ms - 2413[0m
[0mGET /stylesheets/style.css [36m304 [0m5.007 ms - -[0m
[0mGET /build/bundle.js [36m304 [0m6.176 ms - -[0m
[0mGET /stylesheets/style.css [36m304 [0m22.425 ms - -[0m
[0mGET /build/bundle.js.map [32m200 [0m2.181 ms - 1094122[0m
[0mGET /socket.io/?EIO=3&transport=polling&t=LtEx-G7 [32m200 [0m70.312 ms - 2041[0m
[0mPOST /socket.io/?EIO=3&transport=polling&t=LtEx-b_ [33m404 [0m4.851 ms - 3505[0m
[0mGET /socket.io/?EIO=3&transport=polling&t=LtEx_HG [32m200 [0m16.507 ms - 2041[0m
[0mPOST /socket.io/?EIO=3&transport=polling&t=LtEx_Hk [33m404 [0m1.636 ms - 3505[0m
[0mGET /socket.io/?EIO=3&transport=polling&t=LtEy0Vt [32m200 [0m14.442 ms - 2041[0m
[0mPOST /socket.io/?EIO=3&transport=polling&t=LtEy0Xi [33m404 [0m2.032 ms - 3505[0m
[0mGET /socket.io/?EIO=3&transport=polling&t=LtEy1lr [32m200 [0m15.226 ms - 2041[0m
[0mGET /socket.io/?EIO=3&transport=polling&t=LtEy2-V [32m200 [0m24.634 ms - 2041[0m
[0mPOST /socket.io/?EIO=3&transport=polling&t=LtEy1mN [33m404 [0m5.478 ms - 3505[0m
[0mPOST /socket.io/?EIO=3&transport=polling&t=LtEy5px [33m404 [0m1.915 ms - 3505[0m
[0mGET /socket.io/?EIO=3&transport=polling&t=LtEy724 [32m200 [0m11.799 ms - 2041[0m
[0mPOST /socket.io/?EIO=3&transport=polling&t=LtEy72S [33m404 [0m0.943 ms - 3505[0m
[0mGET /socket.io/?EIO=3&transport=polling&t=LtEy8Gb [32m200 [0m13.153 ms - 2041[0m
[0mPOST /socket.io/?EIO=3&transport=polling&t=LtEy8Hp [33m404 [0m3.997 ms - 3505[0m
[0mGET /socket.io/?EIO=3&transport=polling&t=LtEy9Vx [32m200 [0m12.318 ms - 2041[0m
[0mPOST /socket.io/?EIO=3&transport=polling&t=LtEy9Wx [33m404 [0m2.629 ms - 3505[0m
[0mGET /socket.io/?EIO=3&transport=polling&t=LtEyAl4 [32m200 [0m11.195 ms - 2041[0m
[0mPOST /socket.io/?EIO=3&transport=polling&t=LtEyAlW [33m404 [0m2.543 ms - 3505[0m
[0mGET /socket.io/?EIO=3&transport=polling&t=LtEyBzf [32m200 [0m11.895 ms - 2041[0m
[0mPOST /socket.io/?EIO=3&transport=polling&t=LtEyBzx [33m404 [0m2.408 ms - 3505[0m
[0mGET /socket.io/?EIO=3&transport=polling&t=LtEyDC4 [32m200 [0m23.960 ms - 2041[0m
[0mPOST /socket.io/?EIO=3&transport=polling&t=LtEyDCp [33m404 [0m6.332 ms - 3505[0m
[0mGET /socket.io/?EIO=3&transport=polling&t=LtEyEQz [32m200 [0m47.683 ms - 2041[0m
[0mPOST /socket.io/?EIO=3&transport=polling&t=LtEyESM [33m404 [0m4.653 ms - 3505[0m
[0mGET / [32m200 [0m23.301 ms - 2413[0m
[0mGET /stylesheets/style.css [32m200 [0m12.420 ms - 88[0m
[0mGET /build/bundle.js [32m200 [0m12.321 ms - 943460[0m
[0mGET /build/bundle.js.map [32m200 [0m1.036 ms - 1094179[0m
[0mGET / [32m200 [0m50.760 ms - 2413[0m
[0mGET /stylesheets/style.css [32m200 [0m18.997 ms - 88[0m
[0mGET /build/bundle.js [32m200 [0m16.337 ms - 943425[0m
[0mGET /socket.io/?EIO=3&transport=polling&t=LtEyysc [32m200 [0m21.857 ms - 2041[0m
[0mGET /build/bundle.js.map [32m200 [0m1.723 ms - 1094110[0m
[0mPOST /socket.io/?EIO=3&transport=polling&t=LtEyyum [33m404 [0m10.589 ms - 3505[0m
[0mGET /socket.io/?EIO=3&transport=polling&t=LtEyz4Y [32m200 [0m17.590 ms - 2041[0m
[0mPOST /socket.io/?EIO=3&transport=polling&t=LtEyz4w [33m404 [0m1.125 ms - 3505[0m
[0mGET /socket.io/?EIO=3&transport=polling&t=LtEyzTs [32m200 [0m15.173 ms - 2041[0m
[0mPOST /socket.io/?EIO=3&transport=polling&t=LtEyzUu [33m404 [0m1.466 ms - 3505[0m
[0mGET /socket.io/?EIO=3&transport=polling&t=LtEy-R3 [32m200 [0m12.180 ms - 2041[0m
[0mPOST /socket.io/?EIO=3&transport=polling&t=LtEy-RU [33m404 [0m1.018 ms - 3505[0m
[0mGET /socket.io/?EIO=3&transport=polling&t=LtEy_Zm [32m200 [0m11.928 ms - 2041[0m
[0mPOST /socket.io/?EIO=3&transport=polling&t=LtEy_a3 [33m404 [0m2.578 ms - 3505[0m
[0mGET /socket.io/?EIO=3&transport=polling&t=LtEz0vl [32m200 [0m13.750 ms - 2041[0m
[0mPOST /socket.io/?EIO=3&transport=polling&t=LtEz1KS [33m404 [0m1.558 ms - 3505[0m
[0mGET /socket.io/?EIO=3&transport=polling&t=LtEz2d7 [32m200 [0m12.230 ms - 2041[0m
[0mPOST /socket.io/?EIO=3&transport=polling&t=LtEz2dV [33m404 [0m1.221 ms - 3505[0m
[0mGET /socket.io/?EIO=3&transport=polling&t=LtEz44s [32m200 [0m37.618 ms - 2041[0m
[0mPOST /socket.io/?EIO=3&transport=polling&t=LtEz45i [33m404 [0m3.845 ms - 3505[0m
[0mGET /socket.io/?EIO=3&transport=polling&t=LtEz5Yd [32m200 [0m15.389 ms - 2041[0m
[0mPOST /socket.io/?EIO=3&transport=polling&t=LtEz5rX [33m404 [0m1.406 ms - 3505[0m
[0mGET /socket.io/?EIO=3&transport=polling&t=LtEz7F_ [32m200 [0m13.259 ms - 2041[0m
[0mPOST /socket.io/?EIO=3&transport=polling&t=LtEz7GM [33m404 [0m1.362 ms - 3505[0m
[0mGET /socket.io/?EIO=3&transport=polling&t=LtEz8jl [32m200 [0m15.176 ms - 2041[0m
[0mPOST /socket.io/?EIO=3&transport=polling&t=LtEz8kC [33m404 [0m4.239 ms - 3505[0m
[0mGET /socket.io/?EIO=3&transport=polling&t=LtEzABW [32m200 [0m13.861 ms - 2041[0m
[0mPOST /socket.io/?EIO=3&transport=polling&t=LtEzABu [33m404 [0m4.149 ms - 3505[0m
[0mGET /socket.io/?EIO=3&transport=polling&t=LtEzBfE [32m200 [0m9.819 ms - 2041[0m
[0mPOST /socket.io/?EIO=3&transport=polling&t=LtEzBfX [33m404 [0m1.060 ms - 3505[0m
[0mGET /socket.io/?EIO=3&transport=polling&t=LtEzD70 [32m200 [0m48.780 ms - 2041[0m
[0mPOST /socket.io/?EIO=3&transport=polling&t=LtEzD8U [33m404 [0m4.983 ms - 3505[0m
[0mGET /socket.io/?EIO=3&transport=polling&t=LtEzEak [32m200 [0m15.675 ms - 2041[0m
[0mPOST /socket.io/?EIO=3&transport=polling&t=LtEzEbE [33m404 [0m1.457 ms - 3505[0m
[0mGET /socket.io/?EIO=3&transport=polling&t=LtEzG2V [32m200 [0m14.179 ms - 2041[0m
[0mPOST /socket.io/?EIO=3&transport=polling&t=LtEzG2r [33m404 [0m1.262 ms - 3505[0m
[0mGET /socket.io/?EIO=3&transport=polling&t=LtEzHWF [32m200 [0m14.869 ms - 2041[0m
[0mPOST /socket.io/?EIO=3&transport=polling&t=LtEzHXC [33m404 [0m2.244 ms - 3505[0m
[0mGET /socket.io/?EIO=3&transport=polling&t=LtEzIz- [32m200 [0m14.619 ms - 2041[0m
[0mPOST /socket.io/?EIO=3&transport=polling&t=LtEzI-e [33m404 [0m3.150 ms - 3505[0m
[0mGET /socket.io/?EIO=3&transport=polling&t=LtEzKRk [32m200 [0m13.934 ms - 2041[0m
[0mPOST /socket.io/?EIO=3&transport=polling&t=LtEzKS7 [33m404 [0m1.795 ms - 3505[0m
[0mGET /socket.io/?EIO=3&transport=polling&t=LtEzLvW [32m200 [0m23.693 ms - 2041[0m
[0mPOST /socket.io/?EIO=3&transport=polling&t=LtEzLwK [33m404 [0m2.137 ms - 3505[0m
[0mGET /socket.io/?EIO=3&transport=polling&t=LtEzN8T [32m200 [0m27.511 ms - 2041[0m
[0mPOST /socket.io/?EIO=3&transport=polling&t=LtEzN92 [33m404 [0m2.874 ms - 3505[0m
[0mGET / [32m200 [0m25.747 ms - 2413[0m
[0mGET /stylesheets/style.css [32m200 [0m9.420 ms - 88[0m
[0mGET /build/bundle.js [32m200 [0m8.828 ms - 943425[0m
[0mGET /socket.io/?EIO=3&transport=polling&t=LtEzNZ1 [32m200 [0m20.422 ms - 2041[0m
[0mGET /build/bundle.js.map [32m200 [0m1.447 ms - 1094110[0m
[0mPOST /socket.io/?EIO=3&transport=polling&t=LtEzNc1 [33m404 [0m5.861 ms - 3505[0m
[0mGET /socket.io/?EIO=3&transport=polling&t=LtEzNpl [32m200 [0m10.756 ms - 2041[0m
[0mPOST /socket.io/?EIO=3&transport=polling&t=LtEzNq1 [33m404 [0m1.848 ms - 3505[0m
[0mGET /socket.io/?EIO=3&transport=polling&t=LtEzO5O [32m200 [0m20.210 ms - 2041[0m
[0mPOST /socket.io/?EIO=3&transport=polling&t=LtEzO5u [33m404 [0m1.239 ms - 3505[0m
[0mGET /socket.io/?EIO=3&transport=polling&t=LtEzPA2 [32m200 [0m9.981 ms - 2041[0m
[0mPOST /socket.io/?EIO=3&transport=polling&t=LtEzPAI [33m404 [0m3.071 ms - 3505[0m
[0mGET /socket.io/?EIO=3&transport=polling&t=LtEzQOT [32m200 [0m20.273 ms - 2041[0m
[0mPOST /socket.io/?EIO=3&transport=polling&t=LtEzQPC [33m404 [0m2.357 ms - 3505[0m
[0mGET /socket.io/?EIO=3&transport=polling&t=LtEzRdM [32m200 [0m25.083 ms - 2041[0m
[0mPOST /socket.io/?EIO=3&transport=polling&t=LtEzRd- [33m404 [0m2.005 ms - 3505[0m
[0mGET /socket.io/?EIO=3&transport=polling&t=LtEzSs7 [32m200 [0m32.146 ms - 2041[0m
[0mPOST /socket.io/?EIO=3&transport=polling&t=LtEzSsw [33m404 [0m2.518 ms - 3505[0m
[0mGET /socket.io/?EIO=3&transport=polling&t=LtEzUCk [32m200 [0m16.262 ms - 2041[0m
[0mPOST /socket.io/?EIO=3&transport=polling&t=LtEzUDB [33m404 [0m3.842 ms - 3505[0m
[0mGET /socket.io/?EIO=3&transport=polling&t=LtEzVgW [32m200 [0m10.293 ms - 2041[0m
[0mPOST /socket.io/?EIO=3&transport=polling&t=LtEzVgo [33m404 [0m1.542 ms - 3505[0m
[0mGET /socket.io/?EIO=3&transport=polling&t=LtEzX8F [32m200 [0m11.336 ms - 2041[0m
[0mPOST /socket.io/?EIO=3&transport=polling&t=LtEzX8W [33m404 [0m1.206 ms - 3505[0m
[0mGET /socket.io/?EIO=3&transport=polling&t=LtEzYb- [32m200 [0m9.785 ms - 2041[0m
[0mPOST /socket.io/?EIO=3&transport=polling&t=LtEzYcF [33m404 [0m1.761 ms - 3505[0m
[0mGET /socket.io/?EIO=3&transport=polling&t=LtEza3l [32m200 [0m10.355 ms - 2041[0m
[0mPOST /socket.io/?EIO=3&transport=polling&t=LtEza40 [33m404 [0m2.314 ms - 3505[0m
[0mGET /socket.io/?EIO=3&transport=polling&t=LtEzbXV [32m200 [0m12.177 ms - 2041[0m
[0mPOST /socket.io/?EIO=3&transport=polling&t=LtEzbXp [33m404 [0m1.079 ms - 3505[0m
[0mGET /socket.io/?EIO=3&transport=polling&t=LtEzc_F [32m200 [0m13.193 ms - 2041[0m
[0mPOST /socket.io/?EIO=3&transport=polling&t=LtEzc_b [33m404 [0m1.910 ms - 3505[0m
[0mGET /socket.io/?EIO=3&transport=polling&t=LtEzeS_ [32m200 [0m9.215 ms - 2041[0m
[0mPOST /socket.io/?EIO=3&transport=polling&t=LtEzeTF [33m404 [0m0.837 ms - 3505[0m
[0mGET /socket.io/?EIO=3&transport=polling&t=LtEzfwk [32m200 [0m15.245 ms - 2041[0m
[0mPOST /socket.io/?EIO=3&transport=polling&t=LtEzfx4 [33m404 [0m1.018 ms - 3505[0m
[0mGET /socket.io/?EIO=3&transport=polling&t=LtEzhOV [32m200 [0m12.895 ms - 2041[0m
[0mPOST /socket.io/?EIO=3&transport=polling&t=LtEzhOp [33m404 [0m2.315 ms - 3505[0m
[0mGET /socket.io/?EIO=3&transport=polling&t=LtEzisE [32m200 [0m10.595 ms - 2041[0m
[0mPOST /socket.io/?EIO=3&transport=polling&t=LtEzisW [33m404 [0m1.479 ms - 3505[0m
[0mGET /socket.io/?EIO=3&transport=polling&t=LtEzkJ_ [32m200 [0m11.846 ms - 2041[0m
[0mPOST /socket.io/?EIO=3&transport=polling&t=LtEzkKJ [33m404 [0m1.145 ms - 3505[0m
[0mGET /socket.io/?EIO=3&transport=polling&t=LtE-C0Y [32m200 [0m40.565 ms - 2041[0m
[0mPOST /socket.io/?EIO=3&transport=polling&t=LtE-C5b [33m404 [0m4.445 ms - 3505[0m
[0mGET / [32m200 [0m24.784 ms - 2413[0m
[0mGET /stylesheets/style.css [32m200 [0m11.344 ms - 88[0m
[0mGET /build/bundle.js [32m200 [0m10.306 ms - 943441[0m
[0mGET /build/bundle.js.map [32m200 [0m1.388 ms - 1094127[0m
[0mGET / [32m200 [0m52.279 ms - 2413[0m
[0mGET /stylesheets/style.css [32m200 [0m23.292 ms - 88[0m
[0mGET /build/bundle.js [32m200 [0m20.330 ms - 943441[0m
[0mGET /build/bundle.js.map [32m200 [0m18.505 ms - 1094127[0m
[0mGET / [32m200 [0m51.503 ms - 2413[0m
[0mGET /stylesheets/style.css [32m200 [0m8.729 ms - 88[0m
[0mGET /build/bundle.js [32m200 [0m8.174 ms - 943437[0m
[0mGET /build/bundle.js.map [32m200 [0m1.465 ms - 1094123[0m
[0mGET / [32m200 [0m51.444 ms - 2413[0m
[0mGET /stylesheets/style.css [32m200 [0m15.073 ms - 88[0m
[0mGET /build/bundle.js [32m200 [0m15.249 ms - 943446[0m
[0mGET / [32m200 [0m18.144 ms - 2413[0m
[0mGET /stylesheets/style.css [32m200 [0m3.626 ms - 88[0m
[0mGET /build/bundle.js [32m200 [0m4.328 ms - 943446[0m
[0mGET /socket.io/?EIO=3&transport=polling&t=LtE-jOZ [32m200 [0m32.228 ms - 2041[0m
[0mPOST /socket.io/?EIO=3&transport=polling&t=LtE-jQp [33m404 [0m19.286 ms - 3505[0m
[0mGET /build/bundle.js.map [32m200 [0m5.910 ms - 1094132[0m
[0mGET /socket.io/?EIO=3&transport=polling&t=LtE-jcn [32m200 [0m27.248 ms - 2041[0m
[0mPOST /socket.io/?EIO=3&transport=polling&t=LtE-jdS [33m404 [0m6.531 ms - 3505[0m
[0mGET /socket.io/?EIO=3&transport=polling&t=LtE-kEY [32m200 [0m13.335 ms - 2041[0m
[0mPOST /socket.io/?EIO=3&transport=polling&t=LtE-kEu [33m404 [0m2.195 ms - 3505[0m
[0mGET /socket.io/?EIO=3&transport=polling&t=LtE-lO3 [32m200 [0m13.507 ms - 2041[0m
[0mPOST /socket.io/?EIO=3&transport=polling&t=LtE-lOP [33m404 [0m1.328 ms - 3505[0m
[0mGET /socket.io/?EIO=3&transport=polling&t=LtE-mcY [32m200 [0m42.056 ms - 2041[0m
[0mPOST /socket.io/?EIO=3&transport=polling&t=LtE-m_9 [33m404 [0m4.768 ms - 3505[0m
[0mGET /socket.io/?EIO=3&transport=polling&t=LtE-oDI [32m200 [0m15.395 ms - 2041[0m
[0mPOST /socket.io/?EIO=3&transport=polling&t=LtE-oDj [33m404 [0m2.961 ms - 3505[0m
[0mGET /socket.io/?EIO=3&transport=polling&t=LtE-pRs [32m200 [0m15.675 ms - 2041[0m
[0mPOST /socket.io/?EIO=3&transport=polling&t=LtE-pSE [33m404 [0m2.430 ms - 3505[0m
[0mGET /socket.io/?EIO=3&transport=polling&t=LtE-qgN [32m200 [0m40.601 ms - 2041[0m
[0mPOST /socket.io/?EIO=3&transport=polling&t=LtE-qhR [33m404 [0m4.622 ms - 3505[0m
[0mGET / [32m200 [0m35.152 ms - 2413[0m
[0mGET /stylesheets/style.css [32m200 [0m13.413 ms - 88[0m
[0mGET /build/bundle.js [32m200 [0m12.765 ms - 943442[0m
[0mGET / [32m200 [0m27.340 ms - 2413[0m
[0mGET /stylesheets/style.css [32m200 [0m12.109 ms - 88[0m
[0mGET /build/bundle.js [32m200 [0m7.125 ms - 943442[0m
[0mGET /socket.io/?EIO=3&transport=polling&t=LtE--3- [32m200 [0m24.922 ms - 2041[0m
[0mGET /build/bundle.js.map [32m200 [0m2.688 ms - 1094128[0m
[0mPOST /socket.io/?EIO=3&transport=polling&t=LtE--6v [33m404 [0m5.854 ms - 3505[0m
[0mGET /socket.io/?EIO=3&transport=polling&t=LtE--KN [32m200 [0m18.060 ms - 2041[0m
[0mPOST /socket.io/?EIO=3&transport=polling&t=LtE--L7 [33m404 [0m1.419 ms - 3505[0m
[0mGET /socket.io/?EIO=3&transport=polling&t=LtE--vO [32m200 [0m13.283 ms - 2041[0m
[0mPOST /socket.io/?EIO=3&transport=polling&t=LtE--vl [33m404 [0m1.324 ms - 3505[0m
[0mGET /socket.io/?EIO=3&transport=polling&t=LtE-_bE [32m200 [0m19.424 ms - 2041[0m
[0mPOST /socket.io/?EIO=3&transport=polling&t=LtE-_bp [33m404 [0m3.094 ms - 3505[0m
[0mGET / [32m200 [0m20.040 ms - 2413[0m
[0mGET /stylesheets/style.css [32m200 [0m6.974 ms - 88[0m
[0mGET /build/bundle.js [32m200 [0m7.604 ms - 943442[0m
[0mGET /socket.io/?EIO=3&transport=polling&t=LtE_0YI [32m200 [0m15.202 ms - 2041[0m
[0mGET /build/bundle.js.map [32m200 [0m1.053 ms - 1094128[0m
[0mPOST /socket.io/?EIO=3&transport=polling&t=LtE_0aV [33m404 [0m3.492 ms - 3505[0m
[0mGET /socket.io/?EIO=3&transport=polling&t=LtE_0oI [32m200 [0m40.369 ms - 2041[0m
[0mPOST /socket.io/?EIO=3&transport=polling&t=LtE_0pY [33m404 [0m2.802 ms - 3505[0m
[0mGET /socket.io/?EIO=3&transport=polling&t=LtE_1CN [32m200 [0m11.247 ms - 2041[0m
[0mPOST /socket.io/?EIO=3&transport=polling&t=LtE_1Cf [33m404 [0m3.592 ms - 3505[0m
[0mGET /socket.io/?EIO=3&transport=polling&t=LtE_1yJ [32m200 [0m9.881 ms - 2041[0m
[0mPOST /socket.io/?EIO=3&transport=polling&t=LtE_1yZ [33m404 [0m1.406 ms - 3505[0m
[0mGET /socket.io/?EIO=3&transport=polling&t=LtE_3Ah [32m200 [0m44.578 ms - 2041[0m
[0mPOST /socket.io/?EIO=3&transport=polling&t=LtE_3S1 [33m404 [0m6.915 ms - 3505[0m
[0mGET /socket.io/?EIO=3&transport=polling&t=LtE_4gA [32m200 [0m16.416 ms - 2041[0m
[0mPOST /socket.io/?EIO=3&transport=polling&t=LtE_4gv [33m404 [0m2.756 ms - 3505[0m
[0mGET / [32m200 [0m52.469 ms - 2413[0m
[0mGET /stylesheets/style.css [32m200 [0m13.765 ms - 88[0m
[0mGET /build/bundle.js [32m200 [0m13.837 ms - 943442[0m
[0mGET /build/bundle.js.map [32m200 [0m3.109 ms - 1094128[0m
[0mGET / [32m200 [0m49.671 ms - 2413[0m
[0mGET /stylesheets/style.css [32m200 [0m12.200 ms - 88[0m
[0mGET /build/bundle.js [32m200 [0m14.643 ms - 943446[0m
[0mGET /build/bundle.js.map [32m200 [0m1.453 ms - 1094130[0m
[0mGET / [32m200 [0m37.603 ms - 2413[0m
[0mGET /stylesheets/style.css [32m200 [0m2.319 ms - 88[0m
[0mGET /build/bundle.js [32m200 [0m3.146 ms - 943446[0m
[0mGET /build/bundle.js.map [32m200 [0m0.985 ms - 1094130[0m
[0mGET / [32m200 [0m60.230 ms - 2413[0m
[0mGET /stylesheets/style.css [32m200 [0m15.637 ms - 321[0m
[0mGET /build/bundle.js [32m200 [0m14.077 ms - 943446[0m
[0mGET /build/bundle.js.map [32m200 [0m13.389 ms - 1094130[0m
[0mGET /adminChat [31m500 [0m18.347 ms - 3544[0m
[0mGET /adminChat [32m200 [0m20.199 ms - 1035[0m
[0mGET /javascripts/adminChat.js [32m200 [0m51.835 ms - 2041[0m
[0mGET /stylesheets/style.css [32m200 [0m58.494 ms - 321[0m
[0mGET / [32m200 [0m52.503 ms - 2413[0m
[0mGET /stylesheets/style.css [32m200 [0m13.088 ms - 321[0m
[0mGET /build/bundle.js [32m200 [0m11.780 ms - 943446[0m
[0mGET /build/bundle.js.map [32m200 [0m2.254 ms - 1094130[0m
[0mPOST /join [32m200 [0m407.398 ms - 56[0m
[0mPOST /join [32m200 [0m307.931 ms - 57[0m
[0mGET /api/user [32m200 [0m9.367 ms - 353[0m
[0mGET /join [32m200 [0m39.694 ms - 3683[0m
[0mGET /stylesheets/style.css [32m200 [0m4.364 ms - 321[0m
[0mGET /build/bundle.js [32m200 [0m4.936 ms - 943446[0m
[0mGET /build/bundle.js.map [32m200 [0m1.327 ms - 1094130[0m
[0mPOST /login [32m200 [0m74.173 ms - 55[0m
[0mGET /adminChat [32m200 [0m31.630 ms - 1035[0m
[0mGET /javascripts/adminChat.js [32m200 [0m56.003 ms - 2041[0m
[0mGET /stylesheets/style.css [32m200 [0m60.017 ms - 321[0m
[0mGET /adminChat [32m200 [0m17.250 ms - 1035[0m
[0mGET /javascripts/adminChat.js [32m200 [0m15.801 ms - -[0m
[0mGET /stylesheets/style.css [32m200 [0m12.167 ms - 321[0m
[0mGET /adminChat [32m200 [0m5.866 ms - 1035[0m
[0mGET /javascripts/adminChat.js [32m200 [0m7.750 ms - -[0m
[0mGET /stylesheets/style.css [32m200 [0m4.906 ms - 605[0m
[0mGET /adminChat [32m200 [0m7.868 ms - 1035[0m
[0mGET /javascripts/adminChat.js [32m200 [0m4.995 ms - -[0m
[0mGET /stylesheets/style.css [32m200 [0m1.784 ms - 605[0m
[0mGET /adminChat [36m304 [0m4.838 ms - -[0m
[0mGET /javascripts/adminChat.js [36m304 [0m4.170 ms - -[0m
[0mGET /stylesheets/style.css [32m200 [0m6.070 ms - 622[0m
[0mGET /adminChat [36m304 [0m6.740 ms - -[0m
[0mGET /javascripts/adminChat.js [36m304 [0m5.663 ms - -[0m
[0mGET /stylesheets/style.css [36m304 [0m6.397 ms - -[0m
[0mGET /adminChat [32m200 [0m5.448 ms - 1035[0m
[0mGET /javascripts/adminChat.js [36m304 [0m3.377 ms - -[0m
[0mGET /stylesheets/style.css [36m304 [0m3.704 ms - -[0m
[0mGET /adminChat [36m304 [0m5.982 ms - -[0m
[0mGET /javascripts/adminChat.js [36m304 [0m5.379 ms - -[0m
[0mGET /stylesheets/style.css [36m304 [0m10.116 ms - -[0m
[0mGET /stylesheets/style.css [36m304 [0m3.432 ms - -[0m
[0mGET /adminChat [32m200 [0m15.104 ms - 1025[0m
[0mGET /javascripts/adminChat.js [32m200 [0m5.801 ms - -[0m
[0mGET /stylesheets/style.css [32m200 [0m11.037 ms - 622[0m
[0mGET /adminChat [36m304 [0m4.895 ms - -[0m
[0mGET /javascripts/adminChat.js [36m304 [0m5.047 ms - -[0m
[0mGET /stylesheets/style.css [32m200 [0m7.706 ms - 620[0m
[0mGET / [36m304 [0m65.295 ms - -[0m
[0mGET /stylesheets/style.css [36m304 [0m13.521 ms - -[0m
[0mGET /build/bundle.js [36m304 [0m10.520 ms - -[0m
[0mGET / [36m304 [0m67.196 ms - -[0m
[0mGET /stylesheets/style.css [36m304 [0m16.314 ms - -[0m
[0mGET /build/bundle.js [36m304 [0m14.406 ms - -[0m
[0mGET / [36m304 [0m108.633 ms - -[0m
[0mGET /stylesheets/style.css [36m304 [0m9.131 ms - -[0m
[0mGET /build/bundle.js [36m304 [0m15.485 ms - -[0m
[0mGET / [36m304 [0m66.213 ms - -[0m
[0mGET /stylesheets/style.css [36m304 [0m10.252 ms - -[0m
[0mGET /build/bundle.js [36m304 [0m11.977 ms - -[0m
[0mGET / [36m304 [0m141.114 ms - -[0m
[0mGET /stylesheets/style.css [36m304 [0m18.021 ms - -[0m
[0mGET /build/bundle.js [36m304 [0m20.994 ms - -[0m
[0mGET / [36m304 [0m68.648 ms - -[0m
[0mGET /stylesheets/style.css [36m304 [0m18.992 ms - -[0m
[0mGET /build/bundle.js [36m304 [0m22.803 ms - -[0m
[0mGET / [36m304 [0m69.398 ms - -[0m
[0mGET /stylesheets/style.css [36m304 [0m11.715 ms - -[0m
[0mGET /build/bundle.js [36m304 [0m14.732 ms - -[0m
[0mGET / [36m304 [0m25.825 ms - -[0m
[0mGET /stylesheets/style.css [36m304 [0m7.325 ms - -[0m
[0mGET /build/bundle.js [36m304 [0m8.417 ms - -[0m
[0mGET /adminChat [36m302 [0m178.164 ms - 46[0m
[0mGET / [36m304 [0m128.865 ms - -[0m
[0mGET /build/bundle.js [36m304 [0m13.159 ms - -[0m
[0mGET /stylesheets/style.css [32m200 [0m2.279 ms - 564[0m
[0mPOST /login [32m200 [0m406.006 ms - 55[0m
[0mGET /adminChat [32m200 [0m13.826 ms - 1017[0m
[0mGET /stylesheets/style.css [36m304 [0m2.587 ms - -[0m
[0mGET /javascripts/adminChat.js [32m200 [0m0.794 ms - 118[0m
[0mGET /adminChat [36m304 [0m12.603 ms - -[0m
[0mGET /javascripts/adminChat.js [36m304 [0m5.370 ms - -[0m
[0mGET /stylesheets/style.css [32m200 [0m4.469 ms - 564[0m
[0mGET /adminChat [36m304 [0m9.238 ms - -[0m
[0mGET /javascripts/adminChat.js [36m304 [0m6.783 ms - -[0m
[0mGET /stylesheets/style.css [32m200 [0m3.175 ms - 564[0m
[0mGET /adminChat [36m304 [0m15.083 ms - -[0m
[0mGET /javascripts/adminChat.js [36m304 [0m5.635 ms - -[0m
[0mGET /stylesheets/style.css [32m200 [0m5.256 ms - 484[0m
[0mGET /adminChat [36m304 [0m10.472 ms - -[0m
[0mGET /javascripts/adminChat.js [36m304 [0m3.628 ms - -[0m
[0mGET /stylesheets/style.css [32m200 [0m5.352 ms - 460[0m
[0mGET /adminChat [36m304 [0m5.532 ms - -[0m
[0mGET /javascripts/adminChat.js [36m304 [0m5.264 ms - -[0m
[0mGET /stylesheets/style.css [32m200 [0m5.403 ms - 483[0m
[0mGET /adminChat [36m304 [0m64.453 ms - -[0m
[0mGET /javascripts/adminChat.js [36m304 [0m5.694 ms - -[0m
[0mGET /stylesheets/style.css [36m304 [0m6.798 ms - -[0m
[0mGET /adminChat [36m304 [0m33.758 ms - -[0m
[0mGET /stylesheets/style.css [36m304 [0m9.527 ms - -[0m
[0mGET /javascripts/adminChat.js [32m200 [0m15.883 ms - 242[0m
[0mGET /login [32m200 [0m89.742 ms - 2848[0m
[0mGET /stylesheets/style.css [36m304 [0m20.009 ms - -[0m
[0mGET /build/bundle.js [36m304 [0m18.728 ms - -[0m
[0mPOST /login [32m200 [0m67.324 ms - 55[0m
[0mGET / [36m304 [0m27.234 ms - -[0m
[0mGET /stylesheets/style.css [36m304 [0m11.608 ms - -[0m
[0mGET /build/bundle.js [36m304 [0m10.903 ms - -[0m
[0mGET / [36m304 [0m72.941 ms - -[0m
[0mGET /stylesheets/style.css [36m304 [0m13.057 ms - -[0m
[0mGET /build/bundle.js [36m304 [0m13.803 ms - -[0m
[0mGET / [36m304 [0m56.514 ms - -[0m
[0mGET /stylesheets/style.css [36m304 [0m4.726 ms - -[0m
[0mGET /build/bundle.js [36m304 [0m4.927 ms - -[0m
[0mGET / [36m304 [0m20.400 ms - -[0m
[0mGET /stylesheets/style.css [36m304 [0m4.546 ms - -[0m
[0mGET /build/bundle.js [36m304 [0m6.364 ms - -[0m
[0mGET / [36m304 [0m138.772 ms - -[0m
[0mGET /stylesheets/style.css [36m304 [0m14.529 ms - -[0m
[0mGET /build/bundle.js [36m304 [0m15.979 ms - -[0m
[0mGET /login [36m302 [0m10.175 ms - 46[0m
[0mGET / [36m304 [0m45.246 ms - -[0m
[0mGET /stylesheets/style.css [36m304 [0m4.566 ms - -[0m
[0mGET /build/bundle.js [36m304 [0m6.469 ms - -[0m
[0mGET /login [32m200 [0m25.556 ms - 2848[0m
[0mGET /build/bundle.js [36m304 [0m9.851 ms - -[0m
[0mGET /stylesheets/style.css [36m304 [0m13.158 ms - -[0m
[0mPOST /login [32m200 [0m91.359 ms - 55[0m
[0mGET / [36m304 [0m23.582 ms - -[0m
[0mGET /stylesheets/style.css [36m304 [0m10.825 ms - -[0m
[0mGET /build/bundle.js [36m304 [0m11.361 ms - -[0m
[0mGET / [36m304 [0m88.404 ms - -[0m
[0mGET /stylesheets/style.css [36m304 [0m115.816 ms - -[0m
[0mGET /build/bundle.js [36m304 [0m208.676 ms - -[0m
[0mGET / [36m304 [0m58.898 ms - -[0m
[0mGET /stylesheets/style.css [36m304 [0m12.304 ms - -[0m
[0mGET /build/bundle.js [36m304 [0m11.926 ms - -[0m
[0mGET / [36m304 [0m61.619 ms - -[0m
[0mGET /stylesheets/style.css [36m304 [0m11.650 ms - -[0m
[0mGET /build/bundle.js [36m304 [0m10.992 ms - -[0m
[0mGET / [36m304 [0m80.875 ms - -[0m
[0mGET /stylesheets/style.css [36m304 [0m6.236 ms - -[0m
[0mGET /build/bundle.js [36m304 [0m8.503 ms - -[0m
[0mGET / [36m304 [0m80.254 ms - -[0m
[0mGET /stylesheets/style.css [36m304 [0m8.651 ms - -[0m
[0mGET /build/bundle.js [36m304 [0m10.495 ms - -[0m
[0mGET / [36m304 [0m53.490 ms - -[0m
[0mGET /stylesheets/style.css [36m304 [0m14.593 ms - -[0m
[0mGET /build/bundle.js [36m304 [0m12.289 ms - -[0m
[0mPOST /login [32m200 [0m74.825 ms - 55[0m
[0mGET / [36m304 [0m24.565 ms - -[0m
[0mGET /stylesheets/style.css [36m304 [0m10.986 ms - -[0m
[0mGET /build/bundle.js [36m304 [0m11.849 ms - -[0m
[0mPOST /login [32m200 [0m115.194 ms - 55[0m
[0mGET / [36m304 [0m53.615 ms - -[0m
[0mGET /stylesheets/style.css [36m304 [0m6.182 ms - -[0m
[0mGET /build/bundle.js [36m304 [0m7.212 ms - -[0m
[0mGET / [36m304 [0m53.006 ms - -[0m
[0mGET /stylesheets/style.css [36m304 [0m10.397 ms - -[0m
[0mGET /build/bundle.js [36m304 [0m10.629 ms - -[0m
[0mGET / [36m304 [0m18.463 ms - -[0m
[0mGET /stylesheets/style.css [36m304 [0m3.665 ms - -[0m
[0mGET /build/bundle.js [36m304 [0m7.854 ms - -[0m
[0mPOST /login [32m200 [0m68.896 ms - 55[0m
[0mGET / [36m304 [0m21.006 ms - -[0m
[0mGET /stylesheets/style.css [36m304 [0m6.977 ms - -[0m
[0mGET /build/bundle.js [36m304 [0m8.751 ms - -[0m
[0mGET / [32m200 [0m54.113 ms - 2147[0m
[0mGET /stylesheets/style.css [32m200 [0m7.449 ms - 449[0m
[0mGET /build/bundle.js [32m200 [0m7.291 ms - 943444[0m
[0mGET /favicon.ico [32m200 [0m11.563 ms - 2147[0m
[0mGET / [36m304 [0m40.542 ms - -[0m
[0mGET /stylesheets/style.css [36m304 [0m7.665 ms - -[0m
[0mGET /build/bundle.js [32m200 [0m22.904 ms - 940301[0m
[0mGET /favicon.ico [32m200 [0m9.450 ms - 2147[0m
[0mGET /favicon.ico [36m304 [0m23.501 ms - -[0m
[0mGET /favicon.ico [36m304 [0m8.341 ms - -[0m
[0mGET /favicon.ico [36m304 [0m9.633 ms - -[0m
[0mGET /favicon.ico [36m304 [0m7.527 ms - -[0m
[0mGET / [36m304 [0m57.213 ms - -[0m
[0mGET /stylesheets/style.css [36m304 [0m4.859 ms - -[0m
[0mGET /build/bundle.js [32m200 [0m5.447 ms - 940301[0m
[0mGET /favicon.ico [36m304 [0m13.207 ms - -[0m
[0mGET /favicon.ico [36m304 [0m12.282 ms - -[0m
[0mGET /favicon.ico [36m304 [0m35.002 ms - -[0m
[0mGET /favicon.ico [36m304 [0m9.457 ms - -[0m
[0mGET /favicon.ico [36m304 [0m34.136 ms - -[0m
[0mGET /favicon.ico [36m304 [0m8.953 ms - -[0m
[0mGET /favicon.ico [36m304 [0m9.565 ms - -[0m
[0mGET /favicon.ico [36m304 [0m8.720 ms - -[0m
[0mGET /favicon.ico [36m304 [0m7.919 ms - -[0m
[0mGET /advertisement [32m200 [0m45.381 ms - 2165[0m
[0mGET /stylesheets/style.css [36m304 [0m4.878 ms - -[0m
[0mGET /build/bundle.js [32m200 [0m3.675 ms - 999316[0m
[0mGET /favicon.ico [32m200 [0m7.429 ms - 2147[0m
[0mGET /advertisement [36m304 [0m39.498 ms - -[0m
[0mGET /stylesheets/style.css [36m304 [0m7.516 ms - -[0m
[0mGET /advertisement [36m304 [0m43.256 ms - -[0m
[0mGET /stylesheets/style.css [36m304 [0m5.345 ms - -[0m
[0mGET /build/bundle.js [32m200 [0m14.308 ms - 1022553[0m
[0mGET /favicon.ico [32m200 [0m7.810 ms - 2147[0m
[0mGET /advertisement [36m304 [0m66.407 ms - -[0m
[0mGET /stylesheets/style.css [36m304 [0m6.834 ms - -[0m
[0mGET /build/bundle.js [32m200 [0m23.914 ms - 1049456[0m
[0mGET /favicon.ico [32m200 [0m7.745 ms - 2147[0m
[0mGET /advertisement [31m500 [0m30.293 ms - 3883[0m
[0mGET /favicon.ico [32m200 [0m19.148 ms - 2147[0m
[0mGET /advertisement [31m500 [0m32.768 ms - 3883[0m
[0mGET /favicon.ico [32m200 [0m23.779 ms - 2147[0m
[0mGET /advertisement [31m500 [0m35.398 ms - 3883[0m
[0mGET /favicon.ico [32m200 [0m20.184 ms - 2147[0m
[0mGET /advertisement [31m500 [0m31.209 ms - 3883[0m
[0mGET /favicon.ico [32m200 [0m22.230 ms - 2147[0m
[0mGET /advertisement [31m500 [0m8.067 ms - 3883[0m
[0mGET /favicon.ico [32m200 [0m11.546 ms - 2147[0m
[0mGET /advertisement [31m500 [0m9.697 ms - 3883[0m
[0mGET /favicon.ico [32m200 [0m9.956 ms - 2147[0m
[0mGET /advertisement [31m500 [0m31.831 ms - 3883[0m
[0mGET /favicon.ico [32m200 [0m24.191 ms - 2147[0m
[0mGET /advertisement [31m500 [0m31.224 ms - 3883[0m
[0mGET /favicon.ico [32m200 [0m18.857 ms - 2147[0m
[0mGET /advertisement [31m500 [0m42.662 ms - 3883[0m
[0mGET /favicon.ico [32m200 [0m25.360 ms - 2147[0m
[0mGET /advertisement [31m500 [0m35.778 ms - 3883[0m
[0mGET /favicon.ico [32m200 [0m25.346 ms - 2147[0m
[0mGET /advertisement [31m500 [0m29.158 ms - 3770[0m
[0mGET /favicon.ico [32m200 [0m18.023 ms - 2628[0m
[0mGET /advertisement [31m500 [0m6.447 ms - 3770[0m
[0mGET /favicon.ico [32m200 [0m7.623 ms - 2603[0m
[0mGET /advertisement [31m500 [0m10.338 ms - 3770[0m
[0mGET /favicon.ico [32m200 [0m13.165 ms - 2629[0m
[0mGET /advertisement [31m500 [0m32.770 ms - 3770[0m
[0mGET /favicon.ico [32m200 [0m24.518 ms - 2604[0m
[0mGET /advertisement [31m500 [0m8.912 ms - 3770[0m
[0mGET /favicon.ico [32m200 [0m7.706 ms - 2604[0m
[0mGET /advertisement [31m500 [0m6.808 ms - 3770[0m
[0mGET /favicon.ico [32m200 [0m11.682 ms - 2604[0m
[0mGET /advertisement [31m500 [0m15.945 ms - 3770[0m
[0mGET /favicon.ico [32m200 [0m9.472 ms - 2628[0m
[0mGET / [32m200 [0m8.187 ms - 2629[0m
[0mGET /stylesheets/style.css [36m304 [0m3.291 ms - -[0m
[0mGET /build/bundle.js [32m200 [0m5.007 ms - 1573180[0m
[0mGET /favicon.ico [32m200 [0m5.888 ms - 2627[0m
[0mGET /favicon.ico [32m200 [0m6.377 ms - 2556[0m
[0mGET /api/setupAdvertisement [36m304 [0m8.685 ms - -[0m
[0mGET /favicon.ico [32m200 [0m42.393 ms - 2628[0m
[0mGET /api/setupAdvertisement [36m304 [0m1.517 ms - -[0m
[0mGET /favicon.ico [32m200 [0m8.081 ms - 2627[0m
[0mGET /api/setupAdvertisement [36m304 [0m1.112 ms - -[0m
[0mGET /favicon.ico [32m200 [0m6.487 ms - 2628[0m
[0mGET / [32m200 [0m10.629 ms - 2605[0m
[0mGET /stylesheets/style.css [36m304 [0m3.585 ms - -[0m
[0mGET /build/bundle.js [36m304 [0m3.674 ms - -[0m
[0mGET /favicon.ico [32m200 [0m5.918 ms - 2603[0m
[0mGET /favicon.ico [32m200 [0m8.961 ms - 2629[0m
[0mGET /favicon.ico [32m200 [0m7.681 ms - 2629[0m
[0mPOST /join [32m200 [0m53.221 ms - 139[0m
[0mPOST /join [32m200 [0m21.421 ms - 56[0m
[0mGET /favicon.ico [32m200 [0m9.965 ms - 2581[0m
[0mPOST /login [32m200 [0m23.487 ms - 62[0m
[0mGET /favicon.ico [32m200 [0m29.035 ms - 2629[0m
[0mGET /stylesheets/style.css [36m304 [0m4.798 ms - -[0m
[0mGET /build/bundle.js.map [32m200 [0m2.376 ms - 1857266[0m
[0mGET /advertisement [31m500 [0m15.428 ms - 3770[0m
[0mGET /favicon.ico [32m200 [0m9.690 ms - 2604[0m
[0mGET / [32m200 [0m11.567 ms - 2581[0m
[0mGET /stylesheets/style.css [36m304 [0m2.990 ms - -[0m
[0mGET /build/bundle.js [32m200 [0m1.490 ms - 1573189[0m
[0mGET /build/bundle.js.map [36m304 [0m5.150 ms - -[0m
[0mGET /favicon.ico [32m200 [0m12.201 ms - 2627[0m
[0mGET /favicon.ico [32m200 [0m9.920 ms - 2604[0m
[0mGET /favicon.ico [32m200 [0m7.169 ms - 2604[0m
[0mGET /favicon.ico [32m200 [0m5.935 ms - 2627[0m
[0mPOST /login [32m200 [0m62.891 ms - 53[0m
[0mGET /favicon.ico [32m200 [0m8.098 ms - 2629[0m
[0mPOST /join [32m200 [0m46.482 ms - 57[0m
[0mPOST /join [32m200 [0m4.991 ms - 56[0m
[0mGET /favicon.ico [32m200 [0m8.543 ms - 2628[0m
[0mPOST /login [32m200 [0m19.401 ms - 55[0m
[0mGET /favicon.ico [32m200 [0m9.074 ms - 2604[0m
[0mGET /advertisement [31m500 [0m48.160 ms - 3770[0m
[0mGET /favicon.ico [32m200 [0m28.514 ms - 2629[0m
[0mGET / [32m200 [0m8.691 ms - 2627[0m
[0mGET /stylesheets/style.css [36m304 [0m5.320 ms - -[0m
[0mGET /build/bundle.js [36m304 [0m2.372 ms - -[0m
[0mGET /build/bundle.js.map [36m304 [0m1.557 ms - -[0m
[0mGET /favicon.ico [32m200 [0m9.311 ms - 2627[0m
[0mGET /favicon.ico [32m200 [0m7.996 ms - 2604[0m
[0mGET /favicon.ico [32m200 [0m10.147 ms - 2627[0m
[0mGET /favicon.ico [32m200 [0m9.002 ms - 2603[0m
[0mPOST /login [36m302 [0m30.610 ms - 23[0m
[0mGET / [32m200 [0m7.768 ms - 2603[0m
[0mPOST /login [36m302 [0m2.894 ms - 23[0m
[0mGET / [32m200 [0m7.702 ms - 2628[0m
[0mGET /favicon.ico [32m200 [0m10.710 ms - 2629[0m
[0mPOST /join [36m302 [0m2.618 ms - 23[0m
[0mGET / [32m200 [0m6.238 ms - 2604[0m
[0mGET /favicon.ico [32m200 [0m11.742 ms - 2628[0m
[0mPOST /login [36m302 [0m2.089 ms - 23[0m
[0mGET / [32m200 [0m5.857 ms - 2628[0m
[0mGET /oAuth/google [36m302 [0m5.307 ms - 46[0m
[0mGET / [32m200 [0m9.030 ms - 2628[0m
[0mGET /stylesheets/style.css [36m304 [0m4.243 ms - -[0m
[0mGET /build/bundle.js [36m304 [0m1.512 ms - -[0m
[0mGET /build/bundle.js.map [36m304 [0m1.429 ms - -[0m
[0mGET /favicon.ico [32m200 [0m10.032 ms - 2604[0m
[0mGET /favicon.ico [32m200 [0m6.212 ms - 2605[0m
[0mGET /favicon.ico [32m200 [0m10.071 ms - 2628[0m
[0mGET /favicon.ico [32m200 [0m6.400 ms - 2629[0m
[0mGET /favicon.ico [32m200 [0m10.517 ms - 2603[0m
[0mGET /favicon.ico [32m200 [0m5.882 ms - 2604[0m
[0mGET /favicon.ico [32m200 [0m38.602 ms - 2626[0m
[0mGET / [32m200 [0m14.523 ms - 2627[0m
[0mGET /stylesheets/style.css [36m304 [0m4.501 ms - -[0m
[0mGET /build/bundle.js [32m200 [0m6.104 ms - 1573304[0m
[0mGET /build/bundle.js.map [32m200 [0m1.127 ms - 1857391[0m
[0mGET /favicon.ico [32m200 [0m8.898 ms - 2628[0m
[0mGET / [32m200 [0m39.813 ms - 2604[0m
[0mGET /build/bundle.js [36m304 [0m4.781 ms - -[0m
[0mGET /stylesheets/style.css [36m304 [0m16.519 ms - -[0m
[0mGET /build/bundle.js.map [36m304 [0m1.111 ms - -[0m
[0mGET /favicon.ico [32m200 [0m9.649 ms - 2628[0m
[0mGET /favicon.ico [32m200 [0m43.348 ms - 2627[0m
[0mGET /advertisement [31m500 [0m25.881 ms - 3770[0m
[0mGET /favicon.ico [32m200 [0m12.724 ms - 2629[0m
[0mGET /advertisement [31m500 [0m12.999 ms - 3770[0m
[0mGET /favicon.ico [32m200 [0m16.098 ms - 2626[0m
[0mGET / [32m200 [0m10.682 ms - 2605[0m
[0mGET /stylesheets/style.css [36m304 [0m8.188 ms - -[0m
[0mGET /build/bundle.js [36m304 [0m2.047 ms - -[0m
[0mGET /build/bundle.js.map [36m304 [0m2.151 ms - -[0m
[0mGET /favicon.ico [32m200 [0m5.985 ms - 2629[0m
[0mGET /api/advertisement [32m200 [0m11.167 ms - 38[0m
[0mGET /favicon.ico [32m200 [0m13.351 ms - 2604[0m
